<?xml version="1.0" encoding="UTF-8"?>
<!-- Generated by org.testng.reporters.JUnitReportReporter -->
<testsuite hostname="DESKTOP-97QQK07" failures="0" tests="1" name="mavenpractice.amazonbesant.test2" time="6.400" errors="0" timestamp="2022-11-15T10:51:21 IST" skipped="0">
  <testcase classname="mavenpractice.amazonbesant.test2" name="search" time="6.400"/>
  <system-out/>
</testsuite> <!-- mavenpractice.amazonbesant.test2 -->
