<?xml version="1.0" encoding="UTF-8"?>
<!-- Generated by org.testng.reporters.JUnitReportReporter -->
<testsuite hostname="DESKTOP-97QQK07" failures="0" tests="1" name="mavenpractice.amazonbesant.example1" time="5.807" errors="0" timestamp="2022-11-15T12:12:27 IST" skipped="0">
  <testcase classname="mavenpractice.amazonbesant.example1" name="search" time="5.807"/>
  <system-out/>
</testsuite> <!-- mavenpractice.amazonbesant.example1 -->
