<?xml version="1.0" encoding="UTF-8"?>
<!-- Generated by org.testng.reporters.JUnitReportReporter -->
<testsuite hostname="DESKTOP-97QQK07" failures="0" tests="6" name="mavenpractice.amazonbesant.invocation" time="17.460" errors="0" timestamp="2022-11-17T15:57:58 IST" skipped="0">
  <testcase classname="mavenpractice.amazonbesant.invocation" name="chromelaunch" time="2.389"/>
  <system-out/>
  <testcase classname="mavenpractice.amazonbesant.invocation" name="chromelaunch" time="2.063"/>
  <system-out/>
  <testcase classname="mavenpractice.amazonbesant.invocation" name="chromelaunch" time="4.083"/>
  <system-out/>
  <testcase classname="mavenpractice.amazonbesant.invocation" name="openbrowser" time="3.819"/>
  <system-out/>
  <testcase classname="mavenpractice.amazonbesant.invocation" name="chromelaunch" time="2.078"/>
  <system-out/>
  <testcase classname="mavenpractice.amazonbesant.invocation" name="chromelaunch" time="3.028"/>
  <system-out/>
</testsuite> <!-- mavenpractice.amazonbesant.invocation -->
